<?xml version="1.0" encoding="UTF-8"?>
<!-- Generated by org.testng.reporters.JUnitReportReporter -->
<testsuite hostname="DESKTOP-KJ8M6F8" failures="0" tests="1" name="Class" time="0.007" errors="0" timestamp="2024-09-17T20:37:00 IST" skipped="0">
  <testcase classname="Class" name="product" time="0.007"/>
  <system-out/>
</testsuite> <!-- Class -->
